  common.cpp
C:\Users\s2360\Documents\GitHub\vcl\nvdiffrast\nvdiffrast\common.cpp(31,18): warning C4996: 'fopen': This function or variable may be unsafe. Consider using fopen_s instead. To disable deprecation, use _CRT_SECURE_NO_WARNINGS. See online help for details.
C:\Users\s2360\Documents\GitHub\vcl\nvdiffrast\nvdiffrast\common.cpp(42,19): warning C4996: 'fscanf': This function or variable may be unsafe. Consider using fscanf_s instead. To disable deprecation, use _CRT_SECURE_NO_WARNINGS. See online help for details.
C:\Users\s2360\Documents\GitHub\vcl\nvdiffrast\nvdiffrast\common.cpp(47,13): warning C4996: 'fscanf': This function or variable may be unsafe. Consider using fscanf_s instead. To disable deprecation, use _CRT_SECURE_NO_WARNINGS. See online help for details.
C:\Users\s2360\Documents\GitHub\vcl\nvdiffrast\nvdiffrast\common.cpp(55,13): warning C4996: 'fscanf': This function or variable may be unsafe. Consider using fscanf_s instead. To disable deprecation, use _CRT_SECURE_NO_WARNINGS. See online help for details.
C:\Users\s2360\Documents\GitHub\vcl\nvdiffrast\nvdiffrast\common.cpp(62,13): warning C4996: 'fscanf': This function or variable may be unsafe. Consider using fscanf_s instead. To disable deprecation, use _CRT_SECURE_NO_WARNINGS. See online help for details.
C:\Users\s2360\Documents\GitHub\vcl\nvdiffrast\nvdiffrast\common.cpp(71,31): warning C4996: 'fscanf': This function or variable may be unsafe. Consider using fscanf_s instead. To disable deprecation, use _CRT_SECURE_NO_WARNINGS. See online help for details.
C:\Users\s2360\Documents\GitHub\vcl\nvdiffrast\nvdiffrast\common.cpp(84,31): warning C4996: 'fscanf': This function or variable may be unsafe. Consider using fscanf_s instead. To disable deprecation, use _CRT_SECURE_NO_WARNINGS. See online help for details.
C:\Users\s2360\Documents\GitHub\vcl\nvdiffrast\nvdiffrast\common.cpp(94,31): warning C4996: 'fscanf': This function or variable may be unsafe. Consider using fscanf_s instead. To disable deprecation, use _CRT_SECURE_NO_WARNINGS. See online help for details.
C:\Users\s2360\Documents\GitHub\vcl\nvdiffrast\nvdiffrast\common.cpp(104,31): warning C4996: 'fscanf': This function or variable may be unsafe. Consider using fscanf_s instead. To disable deprecation, use _CRT_SECURE_NO_WARNINGS. See online help for details.
C:\Users\s2360\Documents\GitHub\vcl\nvdiffrast\nvdiffrast\common.cpp(129,34): warning C4018: '<': signed と unsigned の数値を比較しようとしました。
  main.cpp
  matrix.cpp
C:\Users\s2360\Documents\GitHub\vcl\nvdiffrast\nvdiffrast\matrix.cpp(11,17): warning C4305: '=': 'double' から 'float' へ切り詰めます。
  preset_cube.cpp
C:\Users\s2360\Documents\GitHub\vcl\nvdiffrast\nvdiffrast\preset_cube.cpp(23,53): warning C4244: '=': 'double' から 'float' への変換です。データが失われる可能性があります。
C:\Users\s2360\Documents\GitHub\vcl\nvdiffrast\nvdiffrast\preset_cube.cpp(24,11): warning C4244: '初期化中': 'double' から 'float' への変換です。データが失われる可能性があります。
C:\Users\s2360\Documents\GitHub\vcl\nvdiffrast\nvdiffrast\preset_cube.cpp(98,14): warning C4244: '初期化中': 'double' から 'float' への変換です。データが失われる可能性があります。
C:\Users\s2360\Documents\GitHub\vcl\nvdiffrast\nvdiffrast\preset_cube.cpp(99,10): warning C4244: '初期化中': 'double' から 'float' への変換です。データが失われる可能性があります。
C:\Users\s2360\Documents\GitHub\vcl\nvdiffrast\nvdiffrast\preset_cube.cpp(100,10): warning C4244: '初期化中': 'double' から 'float' への変換です。データが失われる可能性があります。
C:\Users\s2360\Documents\GitHub\vcl\nvdiffrast\nvdiffrast\preset_cube.cpp(101,10): warning C4244: '初期化中': 'double' から 'float' への変換です。データが失われる可能性があります。
  preset_earth.cpp
C:\Users\s2360\Documents\GitHub\vcl\nvdiffrast\nvdiffrast\preset_earth.cpp(50,89): warning C4305: '引数': 'double' から 'float' へ切り詰めます。
C:\Users\s2360\Documents\GitHub\vcl\nvdiffrast\nvdiffrast\preset_earth.cpp(51,92): warning C4305: '引数': 'double' から 'float' へ切り詰めます。
C:\Users\s2360\Documents\GitHub\vcl\nvdiffrast\nvdiffrast\preset_earth.cpp(52,119): warning C4305: '引数': 'double' から 'float' へ切り詰めます。
C:\Users\s2360\Documents\GitHub\vcl\nvdiffrast\nvdiffrast\preset_earth.cpp(53,122): warning C4305: '引数': 'double' から 'float' へ切り詰めます。
C:\Users\s2360\Documents\GitHub\vcl\nvdiffrast\nvdiffrast\preset_earth.cpp(58,14): warning C4244: '初期化中': 'double' から 'float' への変換です。データが失われる可能性があります。
C:\Users\s2360\Documents\GitHub\vcl\nvdiffrast\nvdiffrast\preset_earth.cpp(59,10): warning C4244: '初期化中': 'double' から 'float' への変換です。データが失われる可能性があります。
C:\Users\s2360\Documents\GitHub\vcl\nvdiffrast\nvdiffrast\preset_earth.cpp(60,10): warning C4244: '初期化中': 'double' から 'float' への変換です。データが失われる可能性があります。
C:\Users\s2360\Documents\GitHub\vcl\nvdiffrast\nvdiffrast\preset_earth.cpp(61,10): warning C4244: '初期化中': 'double' から 'float' への変換です。データが失われる可能性があります。
  preset_primitives.cpp
  rasterize.cpp
  コードを生成中...
  LINK : 前回のインクリメンタル リンクで C:\Users\s2360\Documents\GitHub\vcl\nvdiffrast\x64\Debug\nvdiffrast.exe が見つからなかったか、ビルドされませんでした。フル リンクを行います。
     ライブラリ C:\Users\s2360\Documents\GitHub\vcl\nvdiffrast\x64\Debug\nvdiffrast.lib とオブジェクト C:\Users\s2360\Documents\GitHub\vcl\nvdiffrast\x64\Debug\nvdiffrast.exp を作成中
  nvdiffrast.vcxproj -> C:\Users\s2360\Documents\GitHub\vcl\nvdiffrast\x64\Debug\nvdiffrast.exe
