x64\debug\antialias.cu.obj
x64\debug\interpolate.cu.obj
x64\debug\optimize.cu.obj
x64\debug\project.cu.obj
x64\debug\rasterize.cu.obj
x64\debug\texturemap.cu.obj
f:\vcl\vcl\nvdiffrast\nvdiffrast\x64\debug\antialias.cu.cache
f:\vcl\vcl\nvdiffrast\nvdiffrast\x64\debug\interpolate.cu.cache
f:\vcl\vcl\nvdiffrast\nvdiffrast\x64\debug\optimize.cu.cache
f:\vcl\vcl\nvdiffrast\nvdiffrast\x64\debug\project.cu.cache
f:\vcl\vcl\nvdiffrast\nvdiffrast\x64\debug\rasterize.cu.cache
f:\vcl\vcl\nvdiffrast\nvdiffrast\x64\debug\texturemap.cu.cache
f:\vcl\vcl\nvdiffrast\nvdiffrast\x64\debug\rasterize.cu.obj
f:\vcl\vcl\nvdiffrast\nvdiffrast\x64\debug\optimize.cu.obj
f:\vcl\vcl\nvdiffrast\nvdiffrast\x64\debug\interpolate.cu.obj
f:\vcl\vcl\nvdiffrast\nvdiffrast\x64\debug\texturemap.cu.obj
f:\vcl\vcl\nvdiffrast\nvdiffrast\x64\debug\project.cu.obj
f:\vcl\vcl\nvdiffrast\nvdiffrast\x64\debug\antialias.cu.obj
f:\vcl\vcl\nvdiffrast\nvdiffrast\x64\debug\vc142.idb
f:\vcl\vcl\nvdiffrast\nvdiffrast\x64\debug\vc142.pdb
f:\vcl\vcl\nvdiffrast\nvdiffrast\x64\debug\nvdiffrast.tlog\cudacompile.read.1u.tlog
f:\vcl\vcl\nvdiffrast\nvdiffrast\x64\debug\nvdiffrast.tlog\cudacompile.write.1u.tlog
f:\vcl\vcl\nvdiffrast\nvdiffrast\x64\debug\nvdiffrast.tlog\cl.command.1.tlog
